[2025-06-22T10:11:18+0000] [PACMAN] Running 'pacman -Syu --root /d/a/msys2-installer/msys2-installer/_build/newmsys/msys64'
[2025-06-22T10:11:18+0000] [PACMAN] synchronizing package lists
[2025-06-22T10:11:21+0000] [PACMAN] starting full system upgrade
[2025-06-22T10:11:21+0000] [PACMAN] Running 'pacman -S --noconfirm --root /d/a/msys2-installer/msys2-installer/_build/newmsys/msys64 filesystem msys2-runtime'
[2025-06-22T10:11:24+0000] [ALPM] transaction started
[2025-06-22T10:11:24+0000] [ALPM] installed filesystem (2025.05.08-2)
[2025-06-22T10:11:24+0000] [ALPM] installed msys2-runtime (3.6.3-3)
[2025-06-22T10:11:24+0000] [ALPM] transaction completed
[2025-06-22T10:11:25+0000] [PACMAN] Running 'pacman -S --noconfirm --root /d/a/msys2-installer/msys2-installer/_build/newmsys/msys64 base'
[2025-06-22T10:11:49+0000] [ALPM] transaction started
[2025-06-22T10:11:49+0000] [ALPM] installed bash (5.2.037-2)
[2025-06-22T10:11:51+0000] [ALPM] installed bash-completion (2.16.0-1)
[2025-06-22T10:11:51+0000] [ALPM] installed gcc-libs (13.4.0-2)
[2025-06-22T10:11:51+0000] [ALPM] installed libbz2 (1.0.8-4)
[2025-06-22T10:11:51+0000] [ALPM] installed libintl (0.22.5-1)
[2025-06-22T10:11:51+0000] [ALPM] installed libiconv (1.18-1)
[2025-06-22T10:11:51+0000] [ALPM] installed libexpat (2.7.1-1)
[2025-06-22T10:11:51+0000] [ALPM] installed liblzma (5.8.1-1)
[2025-06-22T10:11:51+0000] [ALPM] installed liblz4 (1.10.0-1)
[2025-06-22T10:11:51+0000] [ALPM] installed libopenssl (3.5.0-1)
[2025-06-22T10:11:51+0000] [ALPM] installed libzstd (1.5.7-1)
[2025-06-22T10:11:51+0000] [ALPM] installed zlib (1.3.1-1)
[2025-06-22T10:11:51+0000] [ALPM] installed bsdtar (3.8.1-1)
[2025-06-22T10:11:51+0000] [ALPM] installed bzip2 (1.0.8-4)
[2025-06-22T10:11:51+0000] [ALPM] installed gmp (6.3.0-1)
[2025-06-22T10:11:52+0000] [ALPM] installed coreutils (8.32-5)
[2025-06-22T10:11:52+0000] [ALPM] installed openssl (3.5.0-1)
[2025-06-22T10:11:52+0000] [ALPM] installed findutils (4.10.0-2)
[2025-06-22T10:11:52+0000] [ALPM] installed sed (4.9-1)
[2025-06-22T10:11:52+0000] [ALPM] installed libffi (3.5.0-1)
[2025-06-22T10:12:01+0000] [ALPM] installed ncurses (6.5.20240831-2)
[2025-06-22T10:12:01+0000] [ALPM] installed libpcre2_8 (10.45-1)
[2025-06-22T10:12:01+0000] [ALPM] installed less (679-1)
[2025-06-22T10:12:01+0000] [ALPM] installed gzip (1.14-1)
[2025-06-22T10:12:01+0000] [ALPM] installed libxcrypt (4.4.38-1)
[2025-06-22T10:12:01+0000] [ALPM] installed info (7.2-1)
[2025-06-22T10:12:01+0000] [ALPM] installed libtasn1 (4.20.0-1)
[2025-06-22T10:12:01+0000] [ALPM] installed libp11-kit (0.25.5-2)
[2025-06-22T10:12:01+0000] [ALPM] installed p11-kit (0.25.5-2)
[2025-06-22T10:12:01+0000] [ALPM] installed ca-certificates (20241223-1)
[2025-06-22T10:12:02+0000] [ALPM] installed brotli (1.1.0-2)
[2025-06-22T10:12:02+0000] [ALPM] installed libdb (6.2.32-5)
[2025-06-22T10:12:02+0000] [ALPM] installed libedit (20240808_3.1-1)
[2025-06-22T10:12:02+0000] [ALPM] installed libsqlite (3.50.1-1)
[2025-06-22T10:12:02+0000] [ALPM] installed heimdal-libs (7.8.0-5)
[2025-06-22T10:12:02+0000] [ALPM] installed libunistring (1.3-1)
[2025-06-22T10:12:02+0000] [ALPM] installed libidn2 (2.3.8-1)
[2025-06-22T10:12:02+0000] [ALPM] installed libnghttp2 (1.66.0-1)
[2025-06-22T10:12:02+0000] [ALPM] installed libpsl (0.21.5-2)
[2025-06-22T10:12:02+0000] [ALPM] installed libssh2 (1.11.1-1)
[2025-06-22T10:12:02+0000] [ALPM] installed libcurl (8.14.1-1)
[2025-06-22T10:12:03+0000] [ALPM] installed curl (8.14.1-1)
[2025-06-22T10:12:03+0000] [ALPM] installed libpcre (8.45-5)
[2025-06-22T10:12:03+0000] [ALPM] installed grep (1~3.0-7)
[2025-06-22T10:12:03+0000] [ALPM] installed dash (0.5.12-1)
[2025-06-22T10:12:03+0000] [ALPM] installed file (5.46-2)
[2025-06-22T10:12:03+0000] [ALPM] installed mpfr (4.2.2-1)
[2025-06-22T10:12:03+0000] [ALPM] installed libreadline (8.2.013-1)
[2025-06-22T10:12:03+0000] [ALPM] installed gawk (5.3.2-1)
[2025-06-22T10:12:03+0000] [ALPM] installed libargp (20241207-1)
[2025-06-22T10:12:03+0000] [ALPM] installed getent (2.18.90-5)
[2025-06-22T10:12:03+0000] [ALPM] installed inetutils (2.6-1)
[2025-06-22T10:12:04+0000] [ALPM] installed mintty (1~3.7.8-1)
[2025-06-22T10:12:04+0000] [ALPM] installed msys2-keyring (1~20250619-1)
[2025-06-22T10:12:04+0000] [ALPM] installed msys2-launcher (1.5-3)
[2025-06-22T10:12:04+0000] [ALPM] installed nano (8.5-1)
[2025-06-22T10:12:04+0000] [ALPM] installed libgettextpo (0.22.5-1)
[2025-06-22T10:12:04+0000] [ALPM] installed libasprintf (0.22.5-1)
[2025-06-22T10:12:04+0000] [ALPM] installed gettext (0.22.5-1)
[2025-06-22T10:12:04+0000] [ALPM] installed libgpg-error (1.55-1)
[2025-06-22T10:12:04+0000] [ALPM] installed libassuan (3.0.2-1)
[2025-06-22T10:12:04+0000] [ALPM] installed libgcrypt (1.11.1-1)
[2025-06-22T10:12:04+0000] [ALPM] installed libhogweed (3.10.1-1)
[2025-06-22T10:12:04+0000] [ALPM] installed libnettle (3.10.1-1)
[2025-06-22T10:12:04+0000] [ALPM] installed libgnutls (3.8.9-1)
[2025-06-22T10:12:04+0000] [ALPM] installed libksba (1.6.7-1)
[2025-06-22T10:12:04+0000] [ALPM] installed libnpth (1.8-1)
[2025-06-22T10:12:04+0000] [ALPM] installed nettle (3.10.1-1)
[2025-06-22T10:12:04+0000] [ALPM] installed pinentry (1.3.1-2)
[2025-06-22T10:12:04+0000] [ALPM] installed gnupg (2.4.8-1)
[2025-06-22T10:12:04+0000] [ALPM] installed pacman-mirrors (20250607-1)
[2025-06-22T10:12:04+0000] [ALPM] installed which (2.23-4)
[2025-06-22T10:12:05+0000] [ALPM] installed xz (5.8.1-1)
[2025-06-22T10:12:05+0000] [ALPM] installed zstd (1.5.7-1)
[2025-06-22T10:12:06+0000] [ALPM] installed pacman (6.1.0-16)
[2025-06-22T10:12:06+0000] [ALPM] installed db (6.2.32-5)
[2025-06-22T10:12:06+0000] [ALPM] installed libgdbm (1.25-1)
[2025-06-22T10:12:06+0000] [ALPM] installed gdbm (1.25-1)
[2025-06-22T10:12:08+0000] [ALPM] installed perl (5.38.4-2)
[2025-06-22T10:12:09+0000] [ALPM] installed pacman-contrib (1.10.6-1)
[2025-06-22T10:12:09+0000] [ALPM] installed rebase (4.5.0-5)
[2025-06-22T10:12:09+0000] [ALPM] installed tar (1.35-2)
[2025-06-22T10:12:09+0000] [ALPM] installed time (1.9-3)
[2025-06-22T10:12:12+0000] [ALPM] installed tzcode (2025b-1)
[2025-06-22T10:12:12+0000] [ALPM] installed libutil-linux (2.40.2-2)
[2025-06-22T10:12:12+0000] [ALPM] installed util-linux (2.40.2-2)
[2025-06-22T10:12:12+0000] [ALPM] installed wget (1.25.0-1)
[2025-06-22T10:12:12+0000] [ALPM] installed base (2022.06-1)
[2025-06-22T10:12:12+0000] [ALPM] transaction completed
[2025-06-22T10:12:12+0000] [ALPM] running 'texinfo-install.hook'...
[2025-07-18T13:01:31-0400] [PACMAN] Running 'pacman -Syu'
[2025-07-18T13:01:31-0400] [PACMAN] synchronizing package lists
[2025-07-18T13:01:34-0400] [PACMAN] starting core system upgrade
[2025-07-18T13:01:39-0400] [ALPM] transaction started
[2025-07-18T13:01:39-0400] [ALPM] upgraded msys2-runtime (3.6.3-3 -> 3.6.4-1)
[2025-07-18T13:01:39-0400] [ALPM] transaction completed
[2025-07-18T13:02:14-0400] [PACMAN] Running 'pacman -Syu'
[2025-07-18T13:02:14-0400] [PACMAN] synchronizing package lists
[2025-07-18T13:02:16-0400] [PACMAN] starting core system upgrade
[2025-07-18T13:02:16-0400] [PACMAN] starting full system upgrade
[2025-07-18T13:02:23-0400] [ALPM] transaction started
[2025-07-18T13:02:23-0400] [ALPM] upgraded gcc-libs (13.4.0-2 -> 15.1.0-2)
[2025-07-18T13:02:23-0400] [ALPM] installed libnghttp3 (1.10.1-1)
[2025-07-18T13:02:23-0400] [ALPM] upgraded libopenssl (3.5.0-1 -> 3.5.1-1)
[2025-07-18T13:02:23-0400] [ALPM] installed libngtcp2 (1.13.0-2)
[2025-07-18T13:02:23-0400] [ALPM] upgraded openssl (3.5.0-1 -> 3.5.1-1)
[2025-07-18T13:02:23-0400] [ALPM] upgraded gmp (6.3.0-1 -> 6.3.0-2)
[2025-07-18T13:02:23-0400] [ALPM] upgraded libffi (3.5.0-1 -> 3.5.1-1)
[2025-07-18T13:02:24-0400] [ALPM] upgraded libsqlite (3.50.1-1 -> 3.50.2-1)
[2025-07-18T13:02:24-0400] [ALPM] upgraded libcurl (8.14.1-1 -> 8.15.0-1)
[2025-07-18T13:02:24-0400] [ALPM] upgraded curl (8.14.1-1 -> 8.15.0-1)
[2025-07-18T13:02:24-0400] [ALPM] upgraded libhogweed (3.10.1-1 -> 3.10.2-1)
[2025-07-18T13:02:24-0400] [ALPM] upgraded libnettle (3.10.1-1 -> 3.10.2-1)
[2025-07-18T13:02:25-0400] [ALPM] upgraded libgnutls (3.8.9-1 -> 3.8.10-1)
[2025-07-18T13:02:25-0400] [ALPM] upgraded nettle (3.10.1-1 -> 3.10.2-1)
[2025-07-18T13:02:25-0400] [ALPM] transaction completed
[2025-07-18T13:02:25-0400] [ALPM] running 'texinfo-install.hook'...
[2025-07-18T13:02:39-0400] [PACMAN] Running 'pacman -S gsl'
[2025-07-18T13:02:45-0400] [PACMAN] Running 'pacman -S mingw-w64-x86_64-gsl'
[2025-07-18T13:02:48-0400] [ALPM] transaction started
[2025-07-18T13:02:48-0400] [ALPM] installed mingw-w64-x86_64-gsl (2.8-1)
[2025-07-18T13:02:48-0400] [ALPM] transaction completed
[2025-07-18T13:02:54-0400] [PACMAN] Running 'pacman -S git'
[2025-07-18T13:03:10-0400] [ALPM] transaction started
[2025-07-18T13:03:10-0400] [ALPM] installed heimdal (7.8.0-5)
[2025-07-18T13:03:10-0400] [ALPM] installed libcbor (0.12.0-1)
[2025-07-18T13:03:10-0400] [ALPM] installed libfido2 (1.16.0-1)
[2025-07-18T13:03:11-0400] [ALPM] installed openssh (10.0p1-2)
[2025-07-18T13:03:11-0400] [ALPM] installed perl-Error (0.17030-1)
[2025-07-18T13:03:11-0400] [ALPM] installed perl-Authen-SASL (2.1800-1)
[2025-07-18T13:03:11-0400] [ALPM] installed perl-Encode-Locale (1.05-2)
[2025-07-18T13:03:11-0400] [ALPM] installed perl-HTTP-Date (6.06-1)
[2025-07-18T13:03:11-0400] [ALPM] installed perl-File-Listing (6.16-1)
[2025-07-18T13:03:11-0400] [ALPM] installed perl-HTML-Tagset (3.24-1)
[2025-07-18T13:03:11-0400] [ALPM] installed perl-Clone (0.47-1)
[2025-07-18T13:03:11-0400] [ALPM] installed perl-IO-HTML (1.004-2)
[2025-07-18T13:03:11-0400] [ALPM] installed perl-LWP-MediaTypes (6.04-2)
[2025-07-18T13:03:11-0400] [ALPM] installed perl-URI (5.32-1)
[2025-07-18T13:03:11-0400] [ALPM] installed perl-HTTP-Message (7.00-1)
[2025-07-18T13:03:11-0400] [ALPM] installed perl-HTML-Parser (3.83-1)
[2025-07-18T13:03:11-0400] [ALPM] installed perl-HTTP-Cookies (6.11-1)
[2025-07-18T13:03:11-0400] [ALPM] installed perl-HTTP-Daemon (6.16-1)
[2025-07-18T13:03:11-0400] [ALPM] installed perl-http-cookiejar (0.014-1)
[2025-07-18T13:03:11-0400] [ALPM] installed perl-HTTP-Negotiate (6.01-3)
[2025-07-18T13:03:11-0400] [ALPM] installed perl-Net-HTTP (6.23-1)
[2025-07-18T13:03:11-0400] [ALPM] installed perl-WWW-RobotRules (6.02-3)
[2025-07-18T13:03:11-0400] [ALPM] installed perl-Try-Tiny (0.32-1)
[2025-07-18T13:03:11-0400] [ALPM] installed perl-libwww (6.78-1)
[2025-07-18T13:03:11-0400] [ALPM] installed perl-TimeDate (2.33-2)
[2025-07-18T13:03:11-0400] [ALPM] installed perl-MailTools (2.22-1)
[2025-07-18T13:03:11-0400] [ALPM] installed perl-IO-Stringy (2.113-2)
[2025-07-18T13:03:11-0400] [ALPM] installed perl-Convert-BinHex (1.125-2)
[2025-07-18T13:03:11-0400] [ALPM-SCRIPTLET] module test... pass.
[2025-07-18T13:03:11-0400] [ALPM] installed perl-MIME-tools (5.515-1)
[2025-07-18T13:03:11-0400] [ALPM] installed perl-Net-SSLeay (1.94-2)
[2025-07-18T13:03:11-0400] [ALPM] installed perl-IO-Socket-SSL (2.094-1)
[2025-07-18T13:03:11-0400] [ALPM] installed perl-Net-SMTP-SSL (1.04-2)
[2025-07-18T13:03:11-0400] [ALPM] installed perl-TermReadKey (2.38-6)
[2025-07-18T13:03:12-0400] [ALPM] installed git (2.50.1-1)
[2025-07-18T13:03:12-0400] [ALPM] transaction completed
[2025-07-18T13:04:01-0400] [PACMAN] Running 'pacman -S libtool'
[2025-07-18T13:04:04-0400] [ALPM] transaction started
[2025-07-18T13:04:04-0400] [ALPM] installed libltdl (2.5.4-3)
[2025-07-18T13:04:04-0400] [ALPM] installed libtool (2.5.4-3)
[2025-07-18T13:04:04-0400] [ALPM] transaction completed
[2025-07-18T13:04:04-0400] [ALPM] running 'texinfo-install.hook'...
[2025-07-18T13:04:18-0400] [PACMAN] Running 'pacman -S automake'
[2025-07-18T13:04:22-0400] [ALPM] transaction started
[2025-07-18T13:04:22-0400] [ALPM] installed automake1.11 (1.11.6-6)
[2025-07-18T13:04:22-0400] [ALPM] installed automake1.12 (1.12.6-6)
[2025-07-18T13:04:22-0400] [ALPM] installed automake1.13 (1.13.4-7)
[2025-07-18T13:04:22-0400] [ALPM] installed automake1.14 (1.14.1-6)
[2025-07-18T13:04:23-0400] [ALPM] installed automake1.15 (1.15.1-4)
[2025-07-18T13:04:23-0400] [ALPM] installed automake1.16 (1.16.5-1)
[2025-07-18T13:04:23-0400] [ALPM] installed automake1.17 (1.17-1)
[2025-07-18T13:04:23-0400] [ALPM] installed automake1.18 (1.18-1)
[2025-07-18T13:04:23-0400] [ALPM] installed automake-wrapper (20250528-1)
[2025-07-18T13:04:23-0400] [ALPM] transaction completed
[2025-07-18T13:04:23-0400] [ALPM] running 'texinfo-install.hook'...
[2025-07-18T13:04:27-0400] [PACMAN] Running 'pacman -S autoconf m4'
[2025-07-18T13:04:33-0400] [ALPM] transaction started
[2025-07-18T13:04:33-0400] [ALPM] installed m4 (1.4.19-2)
[2025-07-18T13:04:33-0400] [ALPM] installed diffutils (3.12-1)
[2025-07-18T13:04:33-0400] [ALPM] installed autoconf2.72 (2.72-3)
[2025-07-18T13:04:33-0400] [ALPM] installed autoconf2.71 (2.71-4)
[2025-07-18T13:04:33-0400] [ALPM] installed autoconf2.69 (2.69-4)
[2025-07-18T13:04:33-0400] [ALPM] installed autoconf2.13 (2.13-6)
[2025-07-18T13:04:33-0400] [ALPM] installed autoconf-wrapper (20250528-1)
[2025-07-18T13:04:33-0400] [ALPM] transaction completed
[2025-07-18T13:04:33-0400] [ALPM] running 'texinfo-install.hook'...
[2025-07-18T13:04:35-0400] [PACMAN] Running 'pacman -S make'
[2025-07-18T13:04:37-0400] [ALPM] transaction started
[2025-07-18T13:04:37-0400] [ALPM] installed make (4.4.1-2)
[2025-07-18T13:04:37-0400] [ALPM] transaction completed
[2025-07-18T13:04:37-0400] [ALPM] running 'texinfo-install.hook'...
[2025-07-18T14:38:52-0400] [PACMAN] Running 'pacman -S mingw-w64-ucrt-x86_64-zlib'
[2025-07-18T14:38:55-0400] [ALPM] transaction started
[2025-07-18T14:38:55-0400] [ALPM] installed mingw-w64-ucrt-x86_64-zlib (1.3.1-1)
[2025-07-18T14:38:55-0400] [ALPM] transaction completed
[2025-07-18T14:51:03-0400] [PACMAN] Running 'pacman -S mingw-w64-ucrt-x86_64-zlib'
[2025-07-18T14:51:07-0400] [ALPM] transaction started
[2025-07-18T14:51:07-0400] [ALPM] reinstalled mingw-w64-ucrt-x86_64-zlib (1.3.1-1)
[2025-07-18T14:51:07-0400] [ALPM] transaction completed
